# JRE version: Java(TM) SE Runtime Environment (8.0_191-b12) (build 1.8.0_191-b12)
# Java VM: Java HotSpot(TM) 64-Bit Server VM (25.191-b12 mixed mode windows-amd64 compressed oops)
Heap:
 PSYoungGen      total 226304K, used 80424K [0x00000000d5580000, 0x00000000e4b00000, 0x0000000100000000)
  eden space 211456K, 38% used [0x00000000d5580000,0x00000000da40a208,0x00000000e2400000)
  from space 14848K, 0% used [0x00000000e3400000,0x00000000e3400000,0x00000000e4280000)
  to   space 16384K, 0% used [0x00000000e2400000,0x00000000e2400000,0x00000000e3400000)
 ParOldGen       total 49664K, used 20175K [0x0000000080000000, 0x0000000083080000, 0x00000000d5580000)
  object space 49664K, 40% used [0x0000000080000000,0x00000000813b3ee0,0x0000000083080000)
 Metaspace       used 35342K, capacity 37054K, committed 37248K, reserved 1081344K
  class space    used 4820K, capacity 5186K, committed 5248K, reserved 1048576K
GC Heap History (10 events):
Event: 65.547 GC heap before
{Heap before GC invocations=6 (full 1):
 PSYoungGen      total 71680K, used 66560K [0x00000000d5580000, 0x00000000da080000, 0x0000000100000000)
  eden space 66560K, 100% used [0x00000000d5580000,0x00000000d9680000,0x00000000d9680000)
  from space 5120K, 0% used [0x00000000d9b80000,0x00000000d9b80000,0x00000000da080000)
  to   space 5120K, 0% used [0x00000000d9680000,0x00000000d9680000,0x00000000d9b80000)
 ParOldGen       total 49664K, used 6982K [0x0000000080000000, 0x0000000083080000, 0x00000000d5580000)
  object space 49664K, 14% used [0x0000000080000000,0x00000000806d1a58,0x0000000083080000)
 Metaspace       used 24340K, capacity 25290K, committed 25344K, reserved 1071104K
  class space    used 3332K, capacity 3552K, committed 3584K, reserved 1048576K
Event: 65.659 GC heap after
Heap after GC invocations=6 (full 1):
 PSYoungGen      total 71680K, used 5109K [0x00000000d5580000, 0x00000000ddc80000, 0x0000000100000000)
  eden space 66560K, 0% used [0x00000000d5580000,0x00000000d5580000,0x00000000d9680000)
  from space 5120K, 99% used [0x00000000d9680000,0x00000000d9b7d738,0x00000000d9b80000)
  to   space 8704K, 0% used [0x00000000dd400000,0x00000000dd400000,0x00000000ddc80000)
 ParOldGen       total 49664K, used 8341K [0x0000000080000000, 0x0000000083080000, 0x00000000d5580000)
  object space 49664K, 16% used [0x0000000080000000,0x0000000080825408,0x0000000083080000)
 Metaspace       used 24340K, capacity 25290K, committed 25344K, reserved 1071104K
  class space    used 3332K, capacity 3552K, committed 3584K, reserved 1048576K
}
Event: 70.429 GC heap before
{Heap before GC invocations=7 (full 1):
 PSYoungGen      total 71680K, used 71669K [0x00000000d5580000, 0x00000000ddc80000, 0x0000000100000000)
  eden space 66560K, 100% used [0x00000000d5580000,0x00000000d9680000,0x00000000d9680000)
  from space 5120K, 99% used [0x00000000d9680000,0x00000000d9b7d738,0x00000000d9b80000)
  to   space 8704K, 0% used [0x00000000dd400000,0x00000000dd400000,0x00000000ddc80000)
 ParOldGen       total 49664K, used 8341K [0x0000000080000000, 0x0000000083080000, 0x00000000d5580000)
  object space 49664K, 16% used [0x0000000080000000,0x0000000080825408,0x0000000083080000)
 Metaspace       used 25139K, capacity 26138K, committed 26240K, reserved 1071104K
  class space    used 3466K, capacity 3708K, committed 3712K, reserved 1048576K
Event: 70.531 GC heap after
Heap after GC invocations=7 (full 1):
 PSYoungGen      total 128000K, used 8674K [0x00000000d5580000, 0x00000000de000000, 0x0000000100000000)
  eden space 119296K, 0% used [0x00000000d5580000,0x00000000d5580000,0x00000000dca00000)
  from space 8704K, 99% used [0x00000000dd400000,0x00000000ddc78958,0x00000000ddc80000)
  to   space 10240K, 0% used [0x00000000dca00000,0x00000000dca00000,0x00000000dd400000)
 ParOldGen       total 49664K, used 9815K [0x0000000080000000, 0x0000000083080000, 0x00000000d5580000)
  object space 49664K, 19% used [0x0000000080000000,0x0000000080995cc8,0x0000000083080000)
 Metaspace       used 25139K, capacity 26138K, committed 26240K, reserved 1071104K
  class space    used 3466K, capacity 3708K, committed 3712K, reserved 1048576K
}
Event: 83.493 GC heap before
{Heap before GC invocations=8 (full 1):
 PSYoungGen      total 128000K, used 127970K [0x00000000d5580000, 0x00000000de000000, 0x0000000100000000)
  eden space 119296K, 100% used [0x00000000d5580000,0x00000000dca00000,0x00000000dca00000)
  from space 8704K, 99% used [0x00000000dd400000,0x00000000ddc78958,0x00000000ddc80000)
  to   space 10240K, 0% used [0x00000000dca00000,0x00000000dca00000,0x00000000dd400000)
 ParOldGen       total 49664K, used 9815K [0x0000000080000000, 0x0000000083080000, 0x00000000d5580000)
  object space 49664K, 19% used [0x0000000080000000,0x0000000080995cc8,0x0000000083080000)
 Metaspace       used 31518K, capacity 32692K, committed 33024K, reserved 1077248K
  class space    used 4299K, capacity 4551K, committed 4608K, reserved 1048576K
Event: 84.027 GC heap after
Heap after GC invocations=8 (full 1):
 PSYoungGen      total 129536K, used 10208K [0x00000000d5580000, 0x00000000e4280000, 0x0000000100000000)
  eden space 119296K, 0% used [0x00000000d5580000,0x00000000d5580000,0x00000000dca00000)
  from space 10240K, 99% used [0x00000000dca00000,0x00000000dd3f8020,0x00000000dd400000)
  to   space 14848K, 0% used [0x00000000e3400000,0x00000000e3400000,0x00000000e4280000)
 ParOldGen       total 49664K, used 16514K [0x0000000080000000, 0x0000000083080000, 0x00000000d5580000)
  object space 49664K, 33% used [0x0000000080000000,0x0000000081020b40,0x0000000083080000)
 Metaspace       used 31518K, capacity 32692K, committed 33024K, reserved 1077248K
  class space    used 4299K, capacity 4551K, committed 4608K, reserved 1048576K
}
Event: 90.530 GC heap before
{Heap before GC invocations=9 (full 1):
 PSYoungGen      total 129536K, used 67039K [0x00000000d5580000, 0x00000000e4280000, 0x0000000100000000)
  eden space 119296K, 47% used [0x00000000d5580000,0x00000000d8cffe38,0x00000000dca00000)
  from space 10240K, 99% used [0x00000000dca00000,0x00000000dd3f8020,0x00000000dd400000)
  to   space 14848K, 0% used [0x00000000e3400000,0x00000000e3400000,0x00000000e4280000)
 ParOldGen       total 49664K, used 16514K [0x0000000080000000, 0x0000000083080000, 0x00000000d5580000)
  object space 49664K, 33% used [0x0000000080000000,0x0000000081020b40,0x0000000083080000)
 Metaspace       used 33755K, capacity 35308K, committed 35456K, reserved 1079296K
  class space    used 4574K, capacity 4887K, committed 4992K, reserved 1048576K
Event: 90.784 GC heap after
Heap after GC invocations=9 (full 1):
 PSYoungGen      total 226304K, used 13981K [0x00000000d5580000, 0x00000000e4b00000, 0x0000000100000000)
  eden space 211456K, 0% used [0x00000000d5580000,0x00000000d5580000,0x00000000e2400000)
  from space 14848K, 94% used [0x00000000e3400000,0x00000000e41a7628,0x00000000e4280000)
  to   space 16384K, 0% used [0x00000000e2400000,0x00000000e2400000,0x00000000e3400000)
 ParOldGen       total 49664K, used 16522K [0x0000000080000000, 0x0000000083080000, 0x00000000d5580000)
  object space 49664K, 33% used [0x0000000080000000,0x0000000081022b40,0x0000000083080000)
 Metaspace       used 33755K, capacity 35308K, committed 35456K, reserved 1079296K
  class space    used 4574K, capacity 4887K, committed 4992K, reserved 1048576K
}
Event: 90.784 GC heap before
{Heap before GC invocations=10 (full 2):
 PSYoungGen      total 226304K, used 13981K [0x00000000d5580000, 0x00000000e4b00000, 0x0000000100000000)
  eden space 211456K, 0% used [0x00000000d5580000,0x00000000d5580000,0x00000000e2400000)
  from space 14848K, 94% used [0x00000000e3400000,0x00000000e41a7628,0x00000000e4280000)
  to   space 16384K, 0% used [0x00000000e2400000,0x00000000e2400000,0x00000000e3400000)
 ParOldGen       total 49664K, used 16522K [0x0000000080000000, 0x0000000083080000, 0x00000000d5580000)
  object space 49664K, 33% used [0x0000000080000000,0x0000000081022b40,0x0000000083080000)
 Metaspace       used 33755K, capacity 35308K, committed 35456K, reserved 1079296K
  class space    used 4574K, capacity 4887K, committed 4992K, reserved 1048576K
Event: 91.658 GC heap after
Heap after GC invocations=10 (full 2):
 PSYoungGen      total 226304K, used 0K [0x00000000d5580000, 0x00000000e4b00000, 0x0000000100000000)
  eden space 211456K, 0% used [0x00000000d5580000,0x00000000d5580000,0x00000000e2400000)
  from space 14848K, 0% used [0x00000000e3400000,0x00000000e3400000,0x00000000e4280000)
  to   space 16384K, 0% used [0x00000000e2400000,0x00000000e2400000,0x00000000e3400000)
 ParOldGen       total 49664K, used 20175K [0x0000000080000000, 0x0000000083080000, 0x00000000d5580000)
  object space 49664K, 40% used [0x0000000080000000,0x00000000813b3ee0,0x0000000083080000)
 Metaspace       used 33755K, capacity 35308K, committed 35456K, reserved 1079296K
  class space    used 4574K, capacity 4887K, committed 4992K, reserved 1048576K
}

